# JRE version: OpenJDK Runtime Environment (15.0+36) (build 15+36-1562)
# Java VM: OpenJDK 64-Bit Server VM (15+36-1562, mixed mode, tiered, compressed oops, g1 gc, windows-amd64)
GC Precious Log:
 CPUs: 8 total, 8 available
 Memory: 8034M
 Large Page Support: Disabled
 NUMA Support: Disabled
 Compressed Oops: Enabled (32-bit)
 Heap Region Size: 1M
 Heap Min Capacity: 8M
 Heap Initial Capacity: 126M
 Heap Max Capacity: 2010M
 Pre-touch: Disabled
 Parallel Workers: 8
 Concurrent Workers: 2
 Concurrent Refinement Workers: 8
 Periodic GC: Disabled
Heap:
 garbage-first heap   total 99328K, used 67346K [0x0000000082600000, 0x0000000100000000)
  region size 1024K, 41 young (41984K), 5 survivors (5120K)
 Metaspace       used 75139K, capacity 75845K, committed 76152K, reserved 1116160K
  class space    used 9820K, capacity 10035K, committed 10112K, reserved 1048576K
GC Heap History (20 events):
Event: 4.582 GC heap before
{Heap before GC invocations=21 (full 0):
 garbage-first heap   total 91136K, used 70995K [0x0000000082600000, 0x0000000100000000)
  region size 1024K, 53 young (54272K), 3 survivors (3072K)
 Metaspace       used 50667K, capacity 51247K, committed 51576K, reserved 1093632K
  class space    used 6488K, capacity 6679K, committed 6784K, reserved 1048576K
}
Event: 4.587 GC heap after
{Heap after GC invocations=22 (full 0):
 garbage-first heap   total 91136K, used 22241K [0x0000000082600000, 0x0000000100000000)
  region size 1024K, 5 young (5120K), 5 survivors (5120K)
 Metaspace       used 50667K, capacity 51247K, committed 51576K, reserved 1093632K
  class space    used 6488K, capacity 6679K, committed 6784K, reserved 1048576K
}
Event: 4.868 GC heap before
{Heap before GC invocations=22 (full 0):
 garbage-first heap   total 91136K, used 71393K [0x0000000082600000, 0x0000000100000000)
  region size 1024K, 53 young (54272K), 5 survivors (5120K)
 Metaspace       used 54663K, capacity 55259K, committed 55288K, reserved 1097728K
  class space    used 6957K, capacity 7163K, committed 7168K, reserved 1048576K
}
Event: 4.875 GC heap after
{Heap after GC invocations=23 (full 0):
 garbage-first heap   total 91136K, used 25395K [0x0000000082600000, 0x0000000100000000)
  region size 1024K, 7 young (7168K), 7 survivors (7168K)
 Metaspace       used 54663K, capacity 55259K, committed 55288K, reserved 1097728K
  class space    used 6957K, capacity 7163K, committed 7168K, reserved 1048576K
}
Event: 5.168 GC heap before
{Heap before GC invocations=23 (full 0):
 garbage-first heap   total 91136K, used 71475K [0x0000000082600000, 0x0000000100000000)
  region size 1024K, 53 young (54272K), 7 survivors (7168K)
 Metaspace       used 58983K, capacity 59578K, committed 59768K, reserved 1101824K
  class space    used 7599K, capacity 7787K, committed 7808K, reserved 1048576K
}
Event: 5.177 GC heap after
{Heap after GC invocations=24 (full 0):
 garbage-first heap   total 91136K, used 27684K [0x0000000082600000, 0x0000000100000000)
  region size 1024K, 6 young (6144K), 6 survivors (6144K)
 Metaspace       used 58983K, capacity 59578K, committed 59768K, reserved 1101824K
  class space    used 7599K, capacity 7787K, committed 7808K, reserved 1048576K
}
Event: 5.199 GC heap before
{Heap before GC invocations=24 (full 0):
 garbage-first heap   total 91136K, used 30756K [0x0000000082600000, 0x0000000100000000)
  region size 1024K, 10 young (10240K), 6 survivors (6144K)
 Metaspace       used 59207K, capacity 59738K, committed 59896K, reserved 1101824K
  class space    used 7631K, capacity 7819K, committed 7936K, reserved 1048576K
}
Event: 5.206 GC heap after
{Heap after GC invocations=25 (full 0):
 garbage-first heap   total 109568K, used 27996K [0x0000000082600000, 0x0000000100000000)
  region size 1024K, 3 young (3072K), 3 survivors (3072K)
 Metaspace       used 59207K, capacity 59738K, committed 59896K, reserved 1101824K
  class space    used 7631K, capacity 7819K, committed 7936K, reserved 1048576K
}
Event: 5.722 GC heap before
{Heap before GC invocations=26 (full 0):
 garbage-first heap   total 106496K, used 87388K [0x0000000082600000, 0x0000000100000000)
  region size 1024K, 62 young (63488K), 3 survivors (3072K)
 Metaspace       used 65018K, capacity 65641K, committed 65784K, reserved 1105920K
  class space    used 8395K, capacity 8591K, committed 8704K, reserved 1048576K
}
Event: 5.727 GC heap after
{Heap after GC invocations=27 (full 0):
 garbage-first heap   total 106496K, used 29130K [0x0000000082600000, 0x0000000100000000)
  region size 1024K, 4 young (4096K), 4 survivors (4096K)
 Metaspace       used 65018K, capacity 65641K, committed 65784K, reserved 1105920K
  class space    used 8395K, capacity 8591K, committed 8704K, reserved 1048576K
}
Event: 6.508 GC heap before
{Heap before GC invocations=27 (full 0):
 garbage-first heap   total 106496K, used 85450K [0x0000000082600000, 0x0000000100000000)
  region size 1024K, 60 young (61440K), 4 survivors (4096K)
 Metaspace       used 70240K, capacity 70835K, committed 71160K, reserved 1112064K
  class space    used 9185K, capacity 9402K, committed 9472K, reserved 1048576K
}
Event: 6.515 GC heap after
{Heap after GC invocations=28 (full 0):
 garbage-first heap   total 106496K, used 30443K [0x0000000082600000, 0x0000000100000000)
  region size 1024K, 6 young (6144K), 6 survivors (6144K)
 Metaspace       used 70240K, capacity 70835K, committed 71160K, reserved 1112064K
  class space    used 9185K, capacity 9402K, committed 9472K, reserved 1048576K
}
Event: 69.657 GC heap before
{Heap before GC invocations=28 (full 0):
 garbage-first heap   total 106496K, used 85739K [0x0000000082600000, 0x0000000100000000)
  region size 1024K, 61 young (62464K), 6 survivors (6144K)
 Metaspace       used 74297K, capacity 74941K, committed 75256K, reserved 1114112K
  class space    used 9689K, capacity 9892K, committed 9984K, reserved 1048576K
}
Event: 69.664 GC heap after
{Heap after GC invocations=29 (full 0):
 garbage-first heap   total 106496K, used 31720K [0x0000000082600000, 0x0000000100000000)
  region size 1024K, 5 young (5120K), 5 survivors (5120K)
 Metaspace       used 74297K, capacity 74941K, committed 75256K, reserved 1114112K
  class space    used 9689K, capacity 9892K, committed 9984K, reserved 1048576K
}
Event: 270.629 GC heap before
{Heap before GC invocations=29 (full 0):
 garbage-first heap   total 106496K, used 48104K [0x0000000082600000, 0x0000000100000000)
  region size 1024K, 23 young (23552K), 5 survivors (5120K)
 Metaspace       used 74569K, capacity 75174K, committed 75256K, reserved 1114112K
  class space    used 9755K, capacity 9927K, committed 9984K, reserved 1048576K
}
Event: 270.678 GC heap after
{Heap after GC invocations=30 (full 1):
 garbage-first heap   total 99328K, used 26386K [0x0000000082600000, 0x0000000100000000)
  region size 1024K, 0 young (0K), 0 survivors (0K)
 Metaspace       used 74569K, capacity 75174K, committed 75256K, reserved 1114112K
  class space    used 9755K, capacity 9927K, committed 9984K, reserved 1048576K
}
Event: 271.174 GC heap before
{Heap before GC invocations=30 (full 1):
 garbage-first heap   total 99328K, used 79634K [0x0000000082600000, 0x0000000100000000)
  region size 1024K, 53 young (54272K), 0 survivors (0K)
 Metaspace       used 74708K, capacity 75376K, committed 75512K, reserved 1114112K
  class space    used 9775K, capacity 9973K, committed 9984K, reserved 1048576K
}
Event: 271.178 GC heap after
{Heap after GC invocations=31 (full 1):
 garbage-first heap   total 99328K, used 29335K [0x0000000082600000, 0x0000000100000000)
  region size 1024K, 3 young (3072K), 3 survivors (3072K)
 Metaspace       used 74708K, capacity 75376K, committed 75512K, reserved 1114112K
  class space    used 9775K, capacity 9973K, committed 9984K, reserved 1048576K
}
Event: 271.576 GC heap before
{Heap before GC invocations=31 (full 1):
 garbage-first heap   total 99328K, used 78487K [0x0000000082600000, 0x0000000100000000)
  region size 1024K, 52 young (53248K), 3 survivors (3072K)
 Metaspace       used 74950K, capacity 75629K, committed 75896K, reserved 1116160K
  class space    used 9808K, capacity 10030K, committed 10112K, reserved 1048576K
}
Event: 271.581 GC heap after
{Heap after GC invocations=32 (full 1):
 garbage-first heap   total 99328K, used 31506K [0x0000000082600000, 0x0000000100000000)
  region size 1024K, 5 young (5120K), 5 survivors (5120K)
 Metaspace       used 74950K, capacity 75629K, committed 75896K, reserved 1116160K
  class space    used 9808K, capacity 10030K, committed 10112K, reserved 1048576K
}

